[debug] [2025-01-26T06:18:52.648Z] ----------------------------------------------------------------------
[debug] [2025-01-26T06:18:52.650Z] Command:       C:\Program Files\nodejs\node.exe C:\Users\Juhun\AppData\Roaming\npm\node_modules\firebase-tools\lib\bin\firebase.js deploy
[debug] [2025-01-26T06:18:52.651Z] CLI Version:   13.29.1
[debug] [2025-01-26T06:18:52.651Z] Platform:      win32
[debug] [2025-01-26T06:18:52.651Z] Node Version:  v22.12.0
[debug] [2025-01-26T06:18:52.651Z] Time:          Sun Jan 26 2025 01:18:52 GMT-0500 (Eastern Standard Time)
[debug] [2025-01-26T06:18:52.651Z] ----------------------------------------------------------------------
[debug] 
[debug] [2025-01-26T06:18:52.654Z] >>> [apiv2][query] GET https://firebase-public.firebaseio.com/cli.json [none]
[debug] [2025-01-26T06:18:52.734Z] > command requires scopes: ["email","openid","https://www.googleapis.com/auth/cloudplatformprojects.readonly","https://www.googleapis.com/auth/firebase","https://www.googleapis.com/auth/cloud-platform"]
[debug] [2025-01-26T06:18:52.735Z] > authorizing via signed-in user (juhunpark32@gmail.com)
[debug] [2025-01-26T06:18:52.735Z] [iam] checking project datastorm-hack for permissions ["firebase.projects.get","firebasehosting.sites.update"]
[debug] [2025-01-26T06:18:52.735Z] Checked if tokens are valid: false, expires at: 1737338251250
[debug] [2025-01-26T06:18:52.735Z] Checked if tokens are valid: false, expires at: 1737338251250
[debug] [2025-01-26T06:18:52.735Z] > refreshing access token with scopes: []
[debug] [2025-01-26T06:18:52.736Z] >>> [apiv2][query] POST https://www.googleapis.com/oauth2/v3/token [none]
[debug] [2025-01-26T06:18:52.736Z] >>> [apiv2][body] POST https://www.googleapis.com/oauth2/v3/token [omitted]
[debug] [2025-01-26T06:18:52.845Z] <<< [apiv2][status] GET https://firebase-public.firebaseio.com/cli.json 200
[debug] [2025-01-26T06:18:52.845Z] <<< [apiv2][body] GET https://firebase-public.firebaseio.com/cli.json {"cloudBuildErrorAfter":1594252800000,"cloudBuildWarnAfter":1590019200000,"defaultNode10After":1594252800000,"minVersion":"3.0.5","node8DeploysDisabledAfter":1613390400000,"node8RuntimeDisabledAfter":1615809600000,"node8WarnAfter":1600128000000}
[debug] [2025-01-26T06:18:52.886Z] <<< [apiv2][status] POST https://www.googleapis.com/oauth2/v3/token 200
[debug] [2025-01-26T06:18:52.886Z] <<< [apiv2][body] POST https://www.googleapis.com/oauth2/v3/token [omitted]
[debug] [2025-01-26T06:18:52.892Z] >>> [apiv2][query] POST https://cloudresourcemanager.googleapis.com/v1/projects/datastorm-hack:testIamPermissions [none]
[debug] [2025-01-26T06:18:52.892Z] >>> [apiv2][(partial)header] POST https://cloudresourcemanager.googleapis.com/v1/projects/datastorm-hack:testIamPermissions x-goog-quota-user=projects/datastorm-hack
[debug] [2025-01-26T06:18:52.892Z] >>> [apiv2][body] POST https://cloudresourcemanager.googleapis.com/v1/projects/datastorm-hack:testIamPermissions {"permissions":["firebase.projects.get","firebasehosting.sites.update"]}
